build/app/intermediates/manifest_merge_blame_file/debug/manifest-merger-blame-debug-report.txt
1<?xml version="1.0" encoding="utf-8"?>
2<manifest xmlns:android="http://schemas.android.com/apk/res/android"
3    package="com.exmple.cleanproject"
4    android:versionCode="1"
5    android:versionName="1.0.0" >
6
7    <uses-sdk
8        android:minSdkVersion="21"
9        android:targetSdkVersion="33" />
10    <!--
11         The INTERNET permission is required for development. Specifically,
12         the Flutter tool needs it to communicate with the running application
13         to allow setting breakpoints, to provide hot reload, etc.
14    -->
15    <uses-permission android:name="android.permission.INTERNET" />
15-->src/debug/AndroidManifest.xml:6:5-66
15-->src/debug/AndroidManifest.xml:6:22-64
16    <uses-permission android:name="android.permission.CAMERA" />
16-->[:mobile_scanner] AndroidManifest.xml:9:5-65
16-->[:mobile_scanner] AndroidManifest.xml:9:22-62
17
18    <uses-feature
18-->[:mobile_scanner] AndroidManifest.xml:11:5-13:36
19        android:name="android.hardware.camera"
19-->[:mobile_scanner] AndroidManifest.xml:12:9-47
20        android:required="false" />
20-->[:mobile_scanner] AndroidManifest.xml:13:9-33
21
22    <permission
22-->[androidx.core:core:1.10.1] AndroidManifest.xml:22:5-24:47
23        android:name="com.exmple.cleanproject.DYNAMIC_RECEIVER_NOT_EXPORTED_PERMISSION"
23-->[androidx.core:core:1.10.1] AndroidManifest.xml:23:9-81
24        android:protectionLevel="signature" />
24-->[androidx.core:core:1.10.1] AndroidManifest.xml:24:9-44
25
26    <uses-permission android:name="com.exmple.cleanproject.DYNAMIC_RECEIVER_NOT_EXPORTED_PERMISSION" /> <!-- Although the *SdkVersion is captured in gradle build files, this is required for non gradle builds -->
26-->[androidx.core:core:1.10.1] AndroidManifest.xml:26:5-97
26-->[androidx.core:core:1.10.1] AndroidManifest.xml:26:22-94
27    <!-- <uses-sdk android:minSdkVersion="14"/> -->
28    <uses-permission android:name="android.permission.ACCESS_NETWORK_STATE" />
28-->[com.google.android.datatransport:transport-backend-cct:2.3.3] AndroidManifest.xml:25:5-79
28-->[com.google.android.datatransport:transport-backend-cct:2.3.3] AndroidManifest.xml:25:22-76
29
30    <application
31        android:name="android.app.Application"
32        android:appComponentFactory="androidx.core.app.CoreComponentFactory"
32-->[androidx.core:core:1.10.1] AndroidManifest.xml:28:18-86
33        android:debuggable="true"
34        android:icon="@mipmap/ic_launcher"
35        android:label="cleanproject" >
36        <activity
37            android:name="com.exmple.cleanproject.MainActivity"
38            android:configChanges="orientation|keyboardHidden|keyboard|screenSize|smallestScreenSize|locale|layoutDirection|fontScale|screenLayout|density|uiMode"
39            android:exported="true"
40            android:hardwareAccelerated="true"
41            android:launchMode="singleTop"
42            android:theme="@style/LaunchTheme"
43            android:windowSoftInputMode="adjustResize" >
44
45            <!--
46                 Specifies an Android theme to apply to this Activity as soon as
47                 the Android process has started. This theme is visible to the user
48                 while the Flutter UI initializes. After that, this theme continues
49                 to determine the Window background behind the Flutter UI.
50            -->
51            <meta-data
52                android:name="io.flutter.embedding.android.NormalTheme"
53                android:resource="@style/NormalTheme" />
54
55            <intent-filter>
56                <action android:name="android.intent.action.MAIN" />
57
58                <category android:name="android.intent.category.LAUNCHER" />
59            </intent-filter>
60        </activity>
61        <!--
62             Don't delete the meta-data below.
63             This is used by the Flutter tool to generate GeneratedPluginRegistrant.java
64        -->
65        <meta-data
66            android:name="flutterEmbedding"
67            android:value="2" />
68
69        <activity
69-->[:url_launcher_android] AndroidManifest.xml:10:9-13:74
70            android:name="io.flutter.plugins.urllauncher.WebViewActivity"
70-->[:url_launcher_android] AndroidManifest.xml:11:13-74
71            android:exported="false"
71-->[:url_launcher_android] AndroidManifest.xml:12:13-37
72            android:theme="@android:style/Theme.NoTitleBar.Fullscreen" />
72-->[:url_launcher_android] AndroidManifest.xml:13:13-71
73
74        <uses-library
74-->[androidx.window:window:1.0.0-beta04] AndroidManifest.xml:25:9-27:40
75            android:name="androidx.window.extensions"
75-->[androidx.window:window:1.0.0-beta04] AndroidManifest.xml:26:13-54
76            android:required="false" />
76-->[androidx.window:window:1.0.0-beta04] AndroidManifest.xml:27:13-37
77        <uses-library
77-->[androidx.window:window:1.0.0-beta04] AndroidManifest.xml:28:9-30:40
78            android:name="androidx.window.sidecar"
78-->[androidx.window:window:1.0.0-beta04] AndroidManifest.xml:29:13-51
79            android:required="false" />
79-->[androidx.window:window:1.0.0-beta04] AndroidManifest.xml:30:13-37
80        <!--
81        Service for holding metadata. Cannot be instantiated.
82        Metadata will be merged from other manifests.
83        -->
84        <service
84-->[androidx.camera:camera-core:1.3.1] AndroidManifest.xml:29:9-33:78
85            android:name="androidx.camera.core.impl.MetadataHolderService"
85-->[androidx.camera:camera-core:1.3.1] AndroidManifest.xml:30:13-75
86            android:enabled="false"
86-->[androidx.camera:camera-core:1.3.1] AndroidManifest.xml:31:13-36
87            android:exported="false" >
87-->[androidx.camera:camera-core:1.3.1] AndroidManifest.xml:32:13-37
88            <meta-data
88-->[androidx.camera:camera-camera2:1.3.1] AndroidManifest.xml:30:13-32:89
89                android:name="androidx.camera.core.impl.MetadataHolderService.DEFAULT_CONFIG_PROVIDER"
89-->[androidx.camera:camera-camera2:1.3.1] AndroidManifest.xml:31:17-103
90                android:value="androidx.camera.camera2.Camera2Config$DefaultProvider" />
90-->[androidx.camera:camera-camera2:1.3.1] AndroidManifest.xml:32:17-86
91        </service>
92        <service
92-->[com.google.android.gms:play-services-mlkit-barcode-scanning:18.3.0] AndroidManifest.xml:9:9-15:19
93            android:name="com.google.mlkit.common.internal.MlKitComponentDiscoveryService"
93-->[com.google.android.gms:play-services-mlkit-barcode-scanning:18.3.0] AndroidManifest.xml:10:13-91
94            android:directBootAware="true"
94-->[com.google.mlkit:common:18.9.0] AndroidManifest.xml:17:13-43
95            android:exported="false" >
95-->[com.google.android.gms:play-services-mlkit-barcode-scanning:18.3.0] AndroidManifest.xml:11:13-37
96            <meta-data
96-->[com.google.android.gms:play-services-mlkit-barcode-scanning:18.3.0] AndroidManifest.xml:12:13-14:85
97                android:name="com.google.firebase.components:com.google.mlkit.vision.barcode.internal.BarcodeRegistrar"
97-->[com.google.android.gms:play-services-mlkit-barcode-scanning:18.3.0] AndroidManifest.xml:13:17-120
98                android:value="com.google.firebase.components.ComponentRegistrar" />
98-->[com.google.android.gms:play-services-mlkit-barcode-scanning:18.3.0] AndroidManifest.xml:14:17-82
99            <meta-data
99-->[com.google.mlkit:vision-common:17.3.0] AndroidManifest.xml:12:13-14:85
100                android:name="com.google.firebase.components:com.google.mlkit.vision.common.internal.VisionCommonRegistrar"
100-->[com.google.mlkit:vision-common:17.3.0] AndroidManifest.xml:13:17-124
101                android:value="com.google.firebase.components.ComponentRegistrar" />
101-->[com.google.mlkit:vision-common:17.3.0] AndroidManifest.xml:14:17-82
102            <meta-data
102-->[com.google.mlkit:common:18.9.0] AndroidManifest.xml:20:13-22:85
103                android:name="com.google.firebase.components:com.google.mlkit.common.internal.CommonComponentRegistrar"
103-->[com.google.mlkit:common:18.9.0] AndroidManifest.xml:21:17-120
104                android:value="com.google.firebase.components.ComponentRegistrar" />
104-->[com.google.mlkit:common:18.9.0] AndroidManifest.xml:22:17-82
105        </service>
106
107        <provider
107-->[com.google.mlkit:common:18.9.0] AndroidManifest.xml:9:9-13:38
108            android:name="com.google.mlkit.common.internal.MlKitInitProvider"
108-->[com.google.mlkit:common:18.9.0] AndroidManifest.xml:10:13-78
109            android:authorities="com.exmple.cleanproject.mlkitinitprovider"
109-->[com.google.mlkit:common:18.9.0] AndroidManifest.xml:11:13-69
110            android:exported="false"
110-->[com.google.mlkit:common:18.9.0] AndroidManifest.xml:12:13-37
111            android:initOrder="99" />
111-->[com.google.mlkit:common:18.9.0] AndroidManifest.xml:13:13-35
112
113        <activity
113-->[com.google.android.gms:play-services-base:18.1.0] AndroidManifest.xml:20:9-22:45
114            android:name="com.google.android.gms.common.api.GoogleApiActivity"
114-->[com.google.android.gms:play-services-base:18.1.0] AndroidManifest.xml:20:19-85
115            android:exported="false"
115-->[com.google.android.gms:play-services-base:18.1.0] AndroidManifest.xml:22:19-43
116            android:theme="@android:style/Theme.Translucent.NoTitleBar" />
116-->[com.google.android.gms:play-services-base:18.1.0] AndroidManifest.xml:21:19-78
117
118        <meta-data
118-->[com.google.android.gms:play-services-basement:18.1.0] AndroidManifest.xml:21:9-23:69
119            android:name="com.google.android.gms.version"
119-->[com.google.android.gms:play-services-basement:18.1.0] AndroidManifest.xml:22:13-58
120            android:value="@integer/google_play_services_version" />
120-->[com.google.android.gms:play-services-basement:18.1.0] AndroidManifest.xml:23:13-66
121
122        <service
122-->[com.google.android.datatransport:transport-backend-cct:2.3.3] AndroidManifest.xml:29:9-35:19
123            android:name="com.google.android.datatransport.runtime.backends.TransportBackendDiscovery"
123-->[com.google.android.datatransport:transport-backend-cct:2.3.3] AndroidManifest.xml:30:13-103
124            android:exported="false" >
124-->[com.google.android.datatransport:transport-backend-cct:2.3.3] AndroidManifest.xml:31:13-37
125            <meta-data
125-->[com.google.android.datatransport:transport-backend-cct:2.3.3] AndroidManifest.xml:32:13-34:39
126                android:name="backend:com.google.android.datatransport.cct.CctBackendFactory"
126-->[com.google.android.datatransport:transport-backend-cct:2.3.3] AndroidManifest.xml:33:17-94
127                android:value="cct" />
127-->[com.google.android.datatransport:transport-backend-cct:2.3.3] AndroidManifest.xml:34:17-36
128        </service>
129        <service
129-->[com.google.android.datatransport:transport-runtime:2.2.6] AndroidManifest.xml:26:9-30:19
130            android:name="com.google.android.datatransport.runtime.scheduling.jobscheduling.JobInfoSchedulerService"
130-->[com.google.android.datatransport:transport-runtime:2.2.6] AndroidManifest.xml:27:13-117
131            android:exported="false"
131-->[com.google.android.datatransport:transport-runtime:2.2.6] AndroidManifest.xml:28:13-37
132            android:permission="android.permission.BIND_JOB_SERVICE" >
132-->[com.google.android.datatransport:transport-runtime:2.2.6] AndroidManifest.xml:29:13-69
133        </service>
134
135        <receiver
135-->[com.google.android.datatransport:transport-runtime:2.2.6] AndroidManifest.xml:32:9-34:40
136            android:name="com.google.android.datatransport.runtime.scheduling.jobscheduling.AlarmManagerSchedulerBroadcastReceiver"
136-->[com.google.android.datatransport:transport-runtime:2.2.6] AndroidManifest.xml:33:13-132
137            android:exported="false" />
137-->[com.google.android.datatransport:transport-runtime:2.2.6] AndroidManifest.xml:34:13-37
138    </application>
139
140</manifest>